<?xml version="1.0" encoding="UTF-8"?>
<!-- Generated by org.testng.reporters.JUnitXMLReporter -->
<testsuite hostname="000358" ignored="0" name="Teste PP" tests="1" failures="1" timestamp="11 set 2018 10:44:48 GMT" time="33.288" errors="0">
  <testcase name="consultaRgCpfBancoDeDados" time="31.188" classname="PPRegressionTests.dao.DataBaseTesting">
    <failure type="java.lang.AssertionError" message="
Expecting:
 &amp;lt;false&amp;gt;
to be equal to:
 &amp;lt;true&amp;gt;
but was not.">
      <![CDATA[java.lang.AssertionError: 
Expecting:
 <false>
to be equal to:
 <true>
but was not.
at PPRegressionTests.dao.DataBaseTesting.consultaRgCpfBancoDeDados(DataBaseTesting.java:259)
... Removed 25 stack frames]]>
    </failure>
  </testcase> <!-- consultaRgCpfBancoDeDados -->
</testsuite> <!-- Teste PP -->
