<?xml version="1.0" encoding="UTF-8"?>
<testng-results skipped="0" failed="0" ignored="0" total="1" passed="1">
  <reporter-output>
  </reporter-output>
  <suite name="Default suite" duration-ms="77351" started-at="2018-09-12T18:53:16Z" finished-at="2018-09-12T18:54:33Z">
    <groups>
    </groups>
    <test name="Default test" duration-ms="77351" started-at="2018-09-12T18:53:16Z" finished-at="2018-09-12T18:54:33Z">
      <class name="PPRegressionTests.tests.CadastroPessoaTest">
        <test-method status="PASS" signature="setUp()[pri:0, instance:PPRegressionTests.tests.CadastroPessoaTest@3eeb318f]" name="setUp" is-config="true" duration-ms="2330" started-at="2018-09-12T18:53:16Z" finished-at="2018-09-12T18:53:18Z">
          <reporter-output>
          </reporter-output>
        </test-method> <!-- setUp -->
        <test-method status="PASS" signature="cadastraPessoaFisicaCorretora()[pri:0, instance:PPRegressionTests.tests.CadastroPessoaTest@3eeb318f]" name="cadastraPessoaFisicaCorretora" duration-ms="74906" started-at="2018-09-12T18:53:18Z" finished-at="2018-09-12T18:54:33Z">
          <reporter-output>
          </reporter-output>
        </test-method> <!-- cadastraPessoaFisicaCorretora -->
        <test-method status="PASS" signature="returnToHomePage()[pri:0, instance:PPRegressionTests.tests.CadastroPessoaTest@3eeb318f]" name="returnToHomePage" is-config="true" duration-ms="1" started-at="2018-09-12T18:54:33Z" finished-at="2018-09-12T18:54:33Z">
          <reporter-output>
          </reporter-output>
        </test-method> <!-- returnToHomePage -->
        <test-method status="PASS" signature="teardown()[pri:0, instance:PPRegressionTests.tests.CadastroPessoaTest@3eeb318f]" name="teardown" is-config="true" duration-ms="95" started-at="2018-09-12T18:54:33Z" finished-at="2018-09-12T18:54:33Z">
          <reporter-output>
          </reporter-output>
        </test-method> <!-- teardown -->
      </class> <!-- PPRegressionTests.tests.CadastroPessoaTest -->
    </test> <!-- Default test -->
  </suite> <!-- Default suite -->
</testng-results>
